INFO:aiogram.dispatcher.dispatcher:Start polling.
WARNING:aiogram.dispatcher.dispatcher:Polling is stopped.
INFO:aiogram.dispatcher.dispatcher:Start polling.
INFO:root:{"message_id": 449, "from": {"id": 1647252544, "is_bot": false, "first_name": "“ËÏÓÙÂÈ", "last_name": "¡ÎËÌÓ‚", "username": "denis_chernoknizets", "language_code": "ru"}, "chat": {"id": 1647252544, "first_name": "“ËÏÓÙÂÈ", "last_name": "¡ÎËÌÓ‚", "username": "denis_chernoknizets", "type": "private"}, "date": 1682808062, "text": "/profile", "entities": [{"type": "bot_command", "offset": 0, "length": 8}]}
WARNING:aiogram.dispatcher.dispatcher:Polling is stopped.
INFO:aiogram.dispatcher.dispatcher:Start polling.
INFO:root:{"message_id": 451, "from": {"id": 1647252544, "is_bot": false, "first_name": "–¢–∏–º–æ—Ñ–µ–π", "last_name": "–ë–ª–∏–Ω–æ–≤", "username": "denis_chernoknizets", "language_code": "ru"}, "chat": {"id": 1647252544, "first_name": "–¢–∏–º–æ—Ñ–µ–π", "last_name": "–ë–ª–∏–Ω–æ–≤", "username": "denis_chernoknizets", "type": "private"}, "date": 1682808104, "text": "/my_Credits", "entities": [{"type": "bot_command", "offset": 0, "length": 11}]}
INFO:root:{"message_id": 453, "from": {"id": 1647252544, "is_bot": false, "first_name": "–¢–∏–º–æ—Ñ–µ–π", "last_name": "–ë–ª–∏–Ω–æ–≤", "username": "denis_chernoknizets", "language_code": "ru"}, "chat": {"id": 1647252544, "first_name": "–¢–∏–º–æ—Ñ–µ–π", "last_name": "–ë–ª–∏–Ω–æ–≤", "username": "denis_chernoknizets", "type": "private"}, "date": 1682808144, "text": "/request", "entities": [{"type": "bot_command", "offset": 0, "length": 8}]}
WARNING:aiogram.dispatcher.dispatcher:Polling is stopped.
INFO:aiogram.dispatcher.dispatcher:Start polling.
INFO:root:{"message_id": 454, "from": {"id": 1647252544, "is_bot": false, "first_name": "–¢–∏–º–æ—Ñ–µ–π", "last_name": "–ë–ª–∏–Ω–æ–≤", "username": "denis_chernoknizets", "language_code": "ru"}, "chat": {"id": 1647252544, "first_name": "–¢–∏–º–æ—Ñ–µ–π", "last_name": "–ë–ª–∏–Ω–æ–≤", "username": "denis_chernoknizets", "type": "private"}, "date": 1682808235, "text": "/request", "entities": [{"type": "bot_command", "offset": 0, "length": 8}]}
INFO:root:INSERT INTO credits(user, num) VALUES("admin", )
The error 'near ")": syntax error' occurred
WARNING:aiogram.dispatcher.dispatcher:Polling is stopped.
INFO:aiogram.dispatcher.dispatcher:Start polling.
INFO:root:{"message_id": 455, "from": {"id": 1647252544, "is_bot": false, "first_name": "–¢–∏–º–æ—Ñ–µ–π", "last_name": "–ë–ª–∏–Ω–æ–≤", "username": "denis_chernoknizets", "language_code": "ru"}, "chat": {"id": 1647252544, "first_name": "–¢–∏–º–æ—Ñ–µ–π", "last_name": "–ë–ª–∏–Ω–æ–≤", "username": "denis_chernoknizets", "type": "private"}, "date": 1682808276, "text": "/request", "entities": [{"type": "bot_command", "offset": 0, "length": 8}]}
INFO:root:The error 'near ")": syntax error' occurred in INSERT INTO credits(user, num) VALUES("admin", )
WARNING:aiogram.dispatcher.dispatcher:Polling is stopped.
INFO:aiogram.dispatcher.dispatcher:Start polling.
INFO:root:{"message_id": 456, "from": {"id": 1647252544, "is_bot": false, "first_name": "–¢–∏–º–æ—Ñ–µ–π", "last_name": "–ë–ª–∏–Ω–æ–≤", "username": "denis_chernoknizets", "language_code": "ru"}, "chat": {"id": 1647252544, "first_name": "–¢–∏–º–æ—Ñ–µ–π", "last_name": "–ë–ª–∏–Ω–æ–≤", "username": "denis_chernoknizets", "type": "private"}, "date": 1682808304, "text": "/request", "entities": [{"type": "bot_command", "offset": 0, "length": 8}]}
INFO:root:The error 'near ")": syntax error' occurred in "INSERT INTO credits(user, num) VALUES("admin", )"
WARNING:aiogram.dispatcher.dispatcher:Polling is stopped.
INFO:aiogram.dispatcher.dispatcher:Start polling.
INFO:root:{"message_id": 457, "from": {"id": 1647252544, "is_bot": false, "first_name": "–¢–∏–º–æ—Ñ–µ–π", "last_name": "–ë–ª–∏–Ω–æ–≤", "username": "denis_chernoknizets", "language_code": "ru"}, "chat": {"id": 1647252544, "first_name": "–¢–∏–º–æ—Ñ–µ–π", "last_name": "–ë–ª–∏–Ω–æ–≤", "username": "denis_chernoknizets", "type": "private"}, "date": 1682808327, "text": "/request", "entities": [{"type": "bot_command", "offset": 0, "length": 8}]}
INFO:root:The error 'near ")": syntax error' occurred in 'INSERT INTO credits(user, num) VALUES("admin", )'
INFO:root:{"message_id": 458, "from": {"id": 1647252544, "is_bot": false, "first_name": "–¢–∏–º–æ—Ñ–µ–π", "last_name": "–ë–ª–∏–Ω–æ–≤", "username": "denis_chernoknizets", "language_code": "ru"}, "chat": {"id": 1647252544, "first_name": "–¢–∏–º–æ—Ñ–µ–π", "last_name": "–ë–ª–∏–Ω–æ–≤", "username": "denis_chernoknizets", "type": "private"}, "date": 1682808353, "text": "/help", "entities": [{"type": "bot_command", "offset": 0, "length": 5}]}
INFO:aiogram.dispatcher.dispatcher:Start polling.
INFO:root:{"message_id": 460, "from": {"id": 1647252544, "is_bot": false, "first_name": "–¢–∏–º–æ—Ñ–µ–π", "last_name": "–ë–ª–∏–Ω–æ–≤", "username": "denis_chernoknizets", "language_code": "ru"}, "chat": {"id": 1647252544, "first_name": "–¢–∏–º–æ—Ñ–µ–π", "last_name": "–ë–ª–∏–Ω–æ–≤", "username": "denis_chernoknizets", "type": "private"}, "date": 1683065689, "text": "/request", "entities": [{"type": "bot_command", "offset": 0, "length": 8}]}
INFO:root:The error 'near ")": syntax error' occurred in 'INSERT INTO credits(user, num) VALUES("admin", )'
INFO:root:{"message_id": 461, "from": {"id": 1647252544, "is_bot": false, "first_name": "–¢–∏–º–æ—Ñ–µ–π", "last_name": "–ë–ª–∏–Ω–æ–≤", "username": "denis_chernoknizets", "language_code": "ru"}, "chat": {"id": 1647252544, "first_name": "–¢–∏–º–æ—Ñ–µ–π", "last_name": "–ë–ª–∏–Ω–æ–≤", "username": "denis_chernoknizets", "type": "private"}, "date": 1683065708, "text": "/request", "entities": [{"type": "bot_command", "offset": 0, "length": 8}]}
INFO:root:The error 'near ")": syntax error' occurred in 'INSERT INTO credits(user, num) VALUES("admin", )'
INFO:root:{"message_id": 463, "from": {"id": 1647252544, "is_bot": false, "first_name": "–¢–∏–º–æ—Ñ–µ–π", "last_name": "–ë–ª–∏–Ω–æ–≤", "username": "denis_chernoknizets", "language_code": "ru"}, "chat": {"id": 1647252544, "first_name": "–¢–∏–º–æ—Ñ–µ–π", "last_name": "–ë–ª–∏–Ω–æ–≤", "username": "denis_chernoknizets", "type": "private"}, "date": 1683065743, "text": "/profile", "entities": [{"type": "bot_command", "offset": 0, "length": 8}]}
INFO:root:{"message_id": 465, "from": {"id": 1647252544, "is_bot": false, "first_name": "–¢–∏–º–æ—Ñ–µ–π", "last_name": "–ë–ª–∏–Ω–æ–≤", "username": "denis_chernoknizets", "language_code": "ru"}, "chat": {"id": 1647252544, "first_name": "–¢–∏–º–æ—Ñ–µ–π", "last_name": "–ë–ª–∏–Ω–æ–≤", "username": "denis_chernoknizets", "type": "private"}, "date": 1683065748, "text": "/my_credits", "entities": [{"type": "bot_command", "offset": 0, "length": 11}]}
WARNING:aiogram.dispatcher.dispatcher:Polling is stopped.
INFO:root:Query executed successfully - CREATE TABLE IF NOT EXISTS users (   id INTEGER PRIMARY KEY AUTOINCREMENT,   name TEXT NOT NULL,   surname TEXT NOT NULL,   class TEXT NOT NULL,   login TEXT NOT NULL,   password TEXT NOT NULL,   balance INTEGER NOT NULL DEFAULT(0),   privilege INTEGER DEFAULT(1) ); 
INFO:root:Query executed successfully - CREATE TABLE IF NOT EXISTS credits (   cred_id INTEGER PRIMARY KEY AUTOINCREMENT,   user TEXT NOT NULL,   num INTEGER NOT NULL DEFAULT(1),   start_date DATE NOT NULL,   finish_date DATE,   desc TEXT,   status NUMBER NOT NULL DEFAULT(1) ); 
INFO:aiogram.dispatcher.dispatcher:Start polling.
INFO:root:{"message_id": 468, "from": {"id": 1647252544, "is_bot": false, "first_name": "–¢–∏–º–æ—Ñ–µ–π", "last_name": "–ë–ª–∏–Ω–æ–≤", "username": "denis_chernoknizets", "language_code": "ru"}, "chat": {"id": 1647252544, "first_name": "–¢–∏–º–æ—Ñ–µ–π", "last_name": "–ë–ª–∏–Ω–æ–≤", "username": "denis_chernoknizets", "type": "private"}, "date": 1683065898, "text": "/request", "entities": [{"type": "bot_command", "offset": 0, "length": 8}]}
INFO:root:The error 'near ")": syntax error' occurred in 'INSERT INTO credits(user, num) VALUES("admin", )'
INFO:root:Query executed successfully -UPDATE users SET balance = balance + 1 WHERE login="admin"
ERROR:asyncio:Task exception was never retrieved
future: <Task finished name='Task-47' coro=<Dispatcher._process_polling_updates() done, defined at C:\Users\–¢–∏–º–æ—Ñ–µ–π-–ø–∫\AppData\Local\Programs\Python\Python39\lib\site-packages\aiogram\dispatcher\dispatcher.py:407> exception=TypeError("register() missing 5 required positional arguments: '_name', '_surname', '_class', '_login', and '_password'")>
Traceback (most recent call last):
  File "C:\Users\–¢–∏–º–æ—Ñ–µ–π-–ø–∫\AppData\Local\Programs\Python\Python39\lib\site-packages\aiogram\dispatcher\dispatcher.py", line 415, in _process_polling_updates
    for responses in itertools.chain.from_iterable(await self.process_updates(updates, fast)):
  File "C:\Users\–¢–∏–º–æ—Ñ–µ–π-–ø–∫\AppData\Local\Programs\Python\Python39\lib\site-packages\aiogram\dispatcher\dispatcher.py", line 235, in process_updates
    return await asyncio.gather(*tasks)
  File "C:\Users\–¢–∏–º–æ—Ñ–µ–π-–ø–∫\AppData\Local\Programs\Python\Python39\lib\site-packages\aiogram\dispatcher\handler.py", line 116, in notify
    response = await handler_obj.handler(*args, **partial_data)
  File "C:\Users\–¢–∏–º–æ—Ñ–µ–π-–ø–∫\AppData\Local\Programs\Python\Python39\lib\site-packages\aiogram\dispatcher\dispatcher.py", line 256, in process_update
    return await self.message_handlers.notify(update.message)
  File "C:\Users\–¢–∏–º–æ—Ñ–µ–π-–ø–∫\AppData\Local\Programs\Python\Python39\lib\site-packages\aiogram\dispatcher\handler.py", line 116, in notify
    response = await handler_obj.handler(*args, **partial_data)
TypeError: register() missing 5 required positional arguments: '_name', '_surname', '_class', '_login', and '_password'
ERROR:asyncio:Task exception was never retrieved
future: <Task finished name='Task-59' coro=<Dispatcher._process_polling_updates() done, defined at C:\Users\–¢–∏–º–æ—Ñ–µ–π-–ø–∫\AppData\Local\Programs\Python\Python39\lib\site-packages\aiogram\dispatcher\dispatcher.py:407> exception=TypeError("register() missing 5 required positional arguments: '_name', '_surname', '_class', '_login', and '_password'")>
Traceback (most recent call last):
  File "C:\Users\–¢–∏–º–æ—Ñ–µ–π-–ø–∫\AppData\Local\Programs\Python\Python39\lib\site-packages\aiogram\dispatcher\dispatcher.py", line 415, in _process_polling_updates
    for responses in itertools.chain.from_iterable(await self.process_updates(updates, fast)):
  File "C:\Users\–¢–∏–º–æ—Ñ–µ–π-–ø–∫\AppData\Local\Programs\Python\Python39\lib\site-packages\aiogram\dispatcher\dispatcher.py", line 235, in process_updates
    return await asyncio.gather(*tasks)
  File "C:\Users\–¢–∏–º–æ—Ñ–µ–π-–ø–∫\AppData\Local\Programs\Python\Python39\lib\site-packages\aiogram\dispatcher\handler.py", line 116, in notify
    response = await handler_obj.handler(*args, **partial_data)
  File "C:\Users\–¢–∏–º–æ—Ñ–µ–π-–ø–∫\AppData\Local\Programs\Python\Python39\lib\site-packages\aiogram\dispatcher\dispatcher.py", line 256, in process_update
    return await self.message_handlers.notify(update.message)
  File "C:\Users\–¢–∏–º–æ—Ñ–µ–π-–ø–∫\AppData\Local\Programs\Python\Python39\lib\site-packages\aiogram\dispatcher\handler.py", line 116, in notify
    response = await handler_obj.handler(*args, **partial_data)
TypeError: register() missing 5 required positional arguments: '_name', '_surname', '_class', '_login', and '_password'
WARNING:aiogram.dispatcher.dispatcher:Polling is stopped.
INFO:root:Query executed successfully - CREATE TABLE IF NOT EXISTS users (   id INTEGER PRIMARY KEY AUTOINCREMENT,   name TEXT NOT NULL,   surname TEXT NOT NULL,   class TEXT NOT NULL,   login TEXT NOT NULL,   password TEXT NOT NULL,   balance INTEGER NOT NULL DEFAULT(0),   privilege INTEGER DEFAULT(1) ); 
INFO:root:Query executed successfully - CREATE TABLE IF NOT EXISTS credits (   cred_id INTEGER PRIMARY KEY AUTOINCREMENT,   user TEXT NOT NULL,   num INTEGER NOT NULL DEFAULT(1),   start_date DATE NOT NULL,   finish_date DATE,   desc TEXT,   status NUMBER NOT NULL DEFAULT(1) ); 
INFO:aiogram.dispatcher.dispatcher:Start polling.
ERROR:asyncio:Task exception was never retrieved
future: <Task finished name='Task-6' coro=<Dispatcher._process_polling_updates() done, defined at C:\Users\–¢–∏–º–æ—Ñ–µ–π-–ø–∫\AppData\Local\Programs\Python\Python39\lib\site-packages\aiogram\dispatcher\dispatcher.py:407> exception=TypeError("register() missing 5 required positional arguments: '_name', '_surname', '_class', '_login', and '_password'")>
Traceback (most recent call last):
  File "C:\Users\–¢–∏–º–æ—Ñ–µ–π-–ø–∫\AppData\Local\Programs\Python\Python39\lib\site-packages\aiogram\dispatcher\dispatcher.py", line 415, in _process_polling_updates
    for responses in itertools.chain.from_iterable(await self.process_updates(updates, fast)):
  File "C:\Users\–¢–∏–º–æ—Ñ–µ–π-–ø–∫\AppData\Local\Programs\Python\Python39\lib\site-packages\aiogram\dispatcher\dispatcher.py", line 235, in process_updates
    return await asyncio.gather(*tasks)
  File "C:\Users\–¢–∏–º–æ—Ñ–µ–π-–ø–∫\AppData\Local\Programs\Python\Python39\lib\site-packages\aiogram\dispatcher\handler.py", line 116, in notify
    response = await handler_obj.handler(*args, **partial_data)
  File "C:\Users\–¢–∏–º–æ—Ñ–µ–π-–ø–∫\AppData\Local\Programs\Python\Python39\lib\site-packages\aiogram\dispatcher\dispatcher.py", line 256, in process_update
    return await self.message_handlers.notify(update.message)
  File "C:\Users\–¢–∏–º–æ—Ñ–µ–π-–ø–∫\AppData\Local\Programs\Python\Python39\lib\site-packages\aiogram\dispatcher\handler.py", line 116, in notify
    response = await handler_obj.handler(*args, **partial_data)
TypeError: register() missing 5 required positional arguments: '_name', '_surname', '_class', '_login', and '_password'
INFO:root:{"message_id": 472, "from": {"id": 1647252544, "is_bot": false, "first_name": "–¢–∏–º–æ—Ñ–µ–π", "last_name": "–ë–ª–∏–Ω–æ–≤", "username": "denis_chernoknizets", "language_code": "ru"}, "chat": {"id": 1647252544, "first_name": "–¢–∏–º–æ—Ñ–µ–π", "last_name": "–ë–ª–∏–Ω–æ–≤", "username": "denis_chernoknizets", "type": "private"}, "date": 1683066012, "text": "/profile", "entities": [{"type": "bot_command", "offset": 0, "length": 8}]}
INFO:root:{"message_id": 474, "from": {"id": 1647252544, "is_bot": false, "first_name": "–¢–∏–º–æ—Ñ–µ–π", "last_name": "–ë–ª–∏–Ω–æ–≤", "username": "denis_chernoknizets", "language_code": "ru"}, "chat": {"id": 1647252544, "first_name": "–¢–∏–º–æ—Ñ–µ–π", "last_name": "–ë–ª–∏–Ω–æ–≤", "username": "denis_chernoknizets", "type": "private"}, "date": 1683066060, "text": "/my_credits", "entities": [{"type": "bot_command", "offset": 0, "length": 11}]}
INFO:root:{"message_id": 476, "from": {"id": 1647252544, "is_bot": false, "first_name": "–¢–∏–º–æ—Ñ–µ–π", "last_name": "–ë–ª–∏–Ω–æ–≤", "username": "denis_chernoknizets", "language_code": "ru"}, "chat": {"id": 1647252544, "first_name": "–¢–∏–º–æ—Ñ–µ–π", "last_name": "–ë–ª–∏–Ω–æ–≤", "username": "denis_chernoknizets", "type": "private"}, "date": 1683066064, "text": "/profile", "entities": [{"type": "bot_command", "offset": 0, "length": 8}]}
WARNING:aiogram.dispatcher.dispatcher:Polling is stopped.
INFO:root:Query executed successfully - CREATE TABLE IF NOT EXISTS users (   id INTEGER PRIMARY KEY AUTOINCREMENT,   name TEXT NOT NULL,   surname TEXT NOT NULL,   class TEXT NOT NULL,   login TEXT NOT NULL,   password TEXT NOT NULL,   balance INTEGER NOT NULL DEFAULT(0),   privilege INTEGER DEFAULT(1) ); 
INFO:root:Query executed successfully - CREATE TABLE IF NOT EXISTS credits (   cred_id INTEGER PRIMARY KEY AUTOINCREMENT,   user TEXT NOT NULL,   num INTEGER NOT NULL DEFAULT(1),   start_date DATE NOT NULL,   finish_date DATE,   desc TEXT,   status NUMBER NOT NULL DEFAULT(1) ); 
INFO:aiogram.dispatcher.dispatcher:Start polling.
ERROR:asyncio:Task exception was never retrieved
future: <Task finished name='Task-8' coro=<Dispatcher._process_polling_updates() done, defined at C:\Users\–¢–∏–º–æ—Ñ–µ–π-–ø–∫\AppData\Local\Programs\Python\Python39\lib\site-packages\aiogram\dispatcher\dispatcher.py:407> exception=TypeError("register() missing 5 required positional arguments: '_name', '_surname', '_class', '_login', and '_password'")>
Traceback (most recent call last):
  File "C:\Users\–¢–∏–º–æ—Ñ–µ–π-–ø–∫\AppData\Local\Programs\Python\Python39\lib\site-packages\aiogram\dispatcher\dispatcher.py", line 415, in _process_polling_updates
    for responses in itertools.chain.from_iterable(await self.process_updates(updates, fast)):
  File "C:\Users\–¢–∏–º–æ—Ñ–µ–π-–ø–∫\AppData\Local\Programs\Python\Python39\lib\site-packages\aiogram\dispatcher\dispatcher.py", line 235, in process_updates
    return await asyncio.gather(*tasks)
  File "C:\Users\–¢–∏–º–æ—Ñ–µ–π-–ø–∫\AppData\Local\Programs\Python\Python39\lib\site-packages\aiogram\dispatcher\handler.py", line 116, in notify
    response = await handler_obj.handler(*args, **partial_data)
  File "C:\Users\–¢–∏–º–æ—Ñ–µ–π-–ø–∫\AppData\Local\Programs\Python\Python39\lib\site-packages\aiogram\dispatcher\dispatcher.py", line 256, in process_update
    return await self.message_handlers.notify(update.message)
  File "C:\Users\–¢–∏–º–æ—Ñ–µ–π-–ø–∫\AppData\Local\Programs\Python\Python39\lib\site-packages\aiogram\dispatcher\handler.py", line 116, in notify
    response = await handler_obj.handler(*args, **partial_data)
TypeError: register() missing 5 required positional arguments: '_name', '_surname', '_class', '_login', and '_password'
WARNING:aiogram.dispatcher.dispatcher:Polling is stopped.
INFO:root:Query executed successfully - CREATE TABLE IF NOT EXISTS users (   id INTEGER PRIMARY KEY AUTOINCREMENT,   name TEXT NOT NULL,   surname TEXT NOT NULL,   class TEXT NOT NULL,   login TEXT NOT NULL,   password TEXT NOT NULL,   balance INTEGER NOT NULL DEFAULT(0),   privilege INTEGER DEFAULT(1) ); 
INFO:root:Query executed successfully - CREATE TABLE IF NOT EXISTS credits (   cred_id INTEGER PRIMARY KEY AUTOINCREMENT,   user TEXT NOT NULL,   num INTEGER NOT NULL DEFAULT(1),   start_date DATE NOT NULL,   finish_date DATE,   desc TEXT,   status NUMBER NOT NULL DEFAULT(1) ); 
INFO:aiogram.dispatcher.dispatcher:Start polling.
ERROR:asyncio:Task exception was never retrieved
future: <Task finished name='Task-6' coro=<Dispatcher._process_polling_updates() done, defined at C:\Users\–¢–∏–º–æ—Ñ–µ–π-–ø–∫\AppData\Local\Programs\Python\Python39\lib\site-packages\aiogram\dispatcher\dispatcher.py:407> exception=TypeError("register() missing 5 required positional arguments: '_name', '_surname', '_class', '_login', and '_password'")>
Traceback (most recent call last):
  File "C:\Users\–¢–∏–º–æ—Ñ–µ–π-–ø–∫\AppData\Local\Programs\Python\Python39\lib\site-packages\aiogram\dispatcher\dispatcher.py", line 415, in _process_polling_updates
    for responses in itertools.chain.from_iterable(await self.process_updates(updates, fast)):
  File "C:\Users\–¢–∏–º–æ—Ñ–µ–π-–ø–∫\AppData\Local\Programs\Python\Python39\lib\site-packages\aiogram\dispatcher\dispatcher.py", line 235, in process_updates
    return await asyncio.gather(*tasks)
  File "C:\Users\–¢–∏–º–æ—Ñ–µ–π-–ø–∫\AppData\Local\Programs\Python\Python39\lib\site-packages\aiogram\dispatcher\handler.py", line 116, in notify
    response = await handler_obj.handler(*args, **partial_data)
  File "C:\Users\–¢–∏–º–æ—Ñ–µ–π-–ø–∫\AppData\Local\Programs\Python\Python39\lib\site-packages\aiogram\dispatcher\dispatcher.py", line 256, in process_update
    return await self.message_handlers.notify(update.message)
  File "C:\Users\–¢–∏–º–æ—Ñ–µ–π-–ø–∫\AppData\Local\Programs\Python\Python39\lib\site-packages\aiogram\dispatcher\handler.py", line 116, in notify
    response = await handler_obj.handler(*args, **partial_data)
TypeError: register() missing 5 required positional arguments: '_name', '_surname', '_class', '_login', and '_password'
ERROR:asyncio:Task exception was never retrieved
future: <Task finished name='Task-102' coro=<Dispatcher._process_polling_updates() done, defined at C:\Users\–¢–∏–º–æ—Ñ–µ–π-–ø–∫\AppData\Local\Programs\Python\Python39\lib\site-packages\aiogram\dispatcher\dispatcher.py:407> exception=TypeError("register() missing 5 required positional arguments: '_name', '_surname', '_class', '_login', and '_password'")>
Traceback (most recent call last):
  File "C:\Users\–¢–∏–º–æ—Ñ–µ–π-–ø–∫\AppData\Local\Programs\Python\Python39\lib\site-packages\aiogram\dispatcher\dispatcher.py", line 415, in _process_polling_updates
    for responses in itertools.chain.from_iterable(await self.process_updates(updates, fast)):
  File "C:\Users\–¢–∏–º–æ—Ñ–µ–π-–ø–∫\AppData\Local\Programs\Python\Python39\lib\site-packages\aiogram\dispatcher\dispatcher.py", line 235, in process_updates
    return await asyncio.gather(*tasks)
  File "C:\Users\–¢–∏–º–æ—Ñ–µ–π-–ø–∫\AppData\Local\Programs\Python\Python39\lib\site-packages\aiogram\dispatcher\handler.py", line 116, in notify
    response = await handler_obj.handler(*args, **partial_data)
  File "C:\Users\–¢–∏–º–æ—Ñ–µ–π-–ø–∫\AppData\Local\Programs\Python\Python39\lib\site-packages\aiogram\dispatcher\dispatcher.py", line 256, in process_update
    return await self.message_handlers.notify(update.message)
  File "C:\Users\–¢–∏–º–æ—Ñ–µ–π-–ø–∫\AppData\Local\Programs\Python\Python39\lib\site-packages\aiogram\dispatcher\handler.py", line 116, in notify
    response = await handler_obj.handler(*args, **partial_data)
TypeError: register() missing 5 required positional arguments: '_name', '_surname', '_class', '_login', and '_password'
ERROR:asyncio:Task exception was never retrieved
future: <Task finished name='Task-135' coro=<Dispatcher._process_polling_updates() done, defined at C:\Users\–¢–∏–º–æ—Ñ–µ–π-–ø–∫\AppData\Local\Programs\Python\Python39\lib\site-packages\aiogram\dispatcher\dispatcher.py:407> exception=TypeError("register() missing 5 required positional arguments: '_name', '_surname', '_class', '_login', and '_password'")>
Traceback (most recent call last):
  File "C:\Users\–¢–∏–º–æ—Ñ–µ–π-–ø–∫\AppData\Local\Programs\Python\Python39\lib\site-packages\aiogram\dispatcher\dispatcher.py", line 415, in _process_polling_updates
    for responses in itertools.chain.from_iterable(await self.process_updates(updates, fast)):
  File "C:\Users\–¢–∏–º–æ—Ñ–µ–π-–ø–∫\AppData\Local\Programs\Python\Python39\lib\site-packages\aiogram\dispatcher\dispatcher.py", line 235, in process_updates
    return await asyncio.gather(*tasks)
  File "C:\Users\–¢–∏–º–æ—Ñ–µ–π-–ø–∫\AppData\Local\Programs\Python\Python39\lib\site-packages\aiogram\dispatcher\handler.py", line 116, in notify
    response = await handler_obj.handler(*args, **partial_data)
  File "C:\Users\–¢–∏–º–æ—Ñ–µ–π-–ø–∫\AppData\Local\Programs\Python\Python39\lib\site-packages\aiogram\dispatcher\dispatcher.py", line 256, in process_update
    return await self.message_handlers.notify(update.message)
  File "C:\Users\–¢–∏–º–æ—Ñ–µ–π-–ø–∫\AppData\Local\Programs\Python\Python39\lib\site-packages\aiogram\dispatcher\handler.py", line 116, in notify
    response = await handler_obj.handler(*args, **partial_data)
TypeError: register() missing 5 required positional arguments: '_name', '_surname', '_class', '_login', and '_password'
WARNING:aiogram.dispatcher.dispatcher:Polling is stopped.
INFO:root:Query executed successfully - CREATE TABLE IF NOT EXISTS users (   id INTEGER PRIMARY KEY AUTOINCREMENT,   name TEXT NOT NULL,   surname TEXT NOT NULL,   class TEXT NOT NULL,   login TEXT NOT NULL,   password TEXT NOT NULL,   balance INTEGER NOT NULL DEFAULT(0),   privilege INTEGER DEFAULT(1) ); 
INFO:root:Query executed successfully - CREATE TABLE IF NOT EXISTS credits (   cred_id INTEGER PRIMARY KEY AUTOINCREMENT,   user TEXT NOT NULL,   num INTEGER NOT NULL DEFAULT(1),   start_date DATE NOT NULL,   finish_date DATE,   desc TEXT,   status NUMBER NOT NULL DEFAULT(1) ); 
INFO:aiogram.dispatcher.dispatcher:Start polling.
ERROR:asyncio:Task exception was never retrieved
future: <Task finished name='Task-12' coro=<Dispatcher._process_polling_updates() done, defined at C:\Users\–¢–∏–º–æ—Ñ–µ–π-–ø–∫\AppData\Local\Programs\Python\Python39\lib\site-packages\aiogram\dispatcher\dispatcher.py:407> exception=TypeError("register() missing 5 required positional arguments: '_name', '_surname', '_class', '_login', and '_password'")>
Traceback (most recent call last):
  File "C:\Users\–¢–∏–º–æ—Ñ–µ–π-–ø–∫\AppData\Local\Programs\Python\Python39\lib\site-packages\aiogram\dispatcher\dispatcher.py", line 415, in _process_polling_updates
    for responses in itertools.chain.from_iterable(await self.process_updates(updates, fast)):
  File "C:\Users\–¢–∏–º–æ—Ñ–µ–π-–ø–∫\AppData\Local\Programs\Python\Python39\lib\site-packages\aiogram\dispatcher\dispatcher.py", line 235, in process_updates
    return await asyncio.gather(*tasks)
  File "C:\Users\–¢–∏–º–æ—Ñ–µ–π-–ø–∫\AppData\Local\Programs\Python\Python39\lib\site-packages\aiogram\dispatcher\handler.py", line 116, in notify
    response = await handler_obj.handler(*args, **partial_data)
  File "C:\Users\–¢–∏–º–æ—Ñ–µ–π-–ø–∫\AppData\Local\Programs\Python\Python39\lib\site-packages\aiogram\dispatcher\dispatcher.py", line 256, in process_update
    return await self.message_handlers.notify(update.message)
  File "C:\Users\–¢–∏–º–æ—Ñ–µ–π-–ø–∫\AppData\Local\Programs\Python\Python39\lib\site-packages\aiogram\dispatcher\handler.py", line 116, in notify
    response = await handler_obj.handler(*args, **partial_data)
TypeError: register() missing 5 required positional arguments: '_name', '_surname', '_class', '_login', and '_password'
WARNING:aiogram.dispatcher.dispatcher:Polling is stopped.
INFO:root:Query executed successfully - CREATE TABLE IF NOT EXISTS users (   id INTEGER PRIMARY KEY AUTOINCREMENT,   name TEXT NOT NULL,   surname TEXT NOT NULL,   class TEXT NOT NULL,   login TEXT NOT NULL,   password TEXT NOT NULL,   balance INTEGER NOT NULL DEFAULT(0),   privilege INTEGER DEFAULT(1) ); 
INFO:root:Query executed successfully - CREATE TABLE IF NOT EXISTS credits (   cred_id INTEGER PRIMARY KEY AUTOINCREMENT,   user TEXT NOT NULL,   num INTEGER NOT NULL DEFAULT(1),   start_date DATE NOT NULL,   finish_date DATE,   desc TEXT,   status NUMBER NOT NULL DEFAULT(1) ); 
INFO:aiogram.dispatcher.dispatcher:Start polling.
ERROR:asyncio:Task exception was never retrieved
future: <Task finished name='Task-10' coro=<Dispatcher._process_polling_updates() done, defined at C:\Users\–¢–∏–º–æ—Ñ–µ–π-–ü–ö\AppData\Local\Programs\Python\Python39\lib\site-packages\aiogram\dispatcher\dispatcher.py:407> exception=TypeError("register() missing 5 required positional arguments: '_name', '_surname', '_class', '_login', and '_password'")>
Traceback (most recent call last):
  File "C:\Users\–¢–∏–º–æ—Ñ–µ–π-–ü–ö\AppData\Local\Programs\Python\Python39\lib\site-packages\aiogram\dispatcher\dispatcher.py", line 415, in _process_polling_updates
    for responses in itertools.chain.from_iterable(await self.process_updates(updates, fast)):
  File "C:\Users\–¢–∏–º–æ—Ñ–µ–π-–ü–ö\AppData\Local\Programs\Python\Python39\lib\site-packages\aiogram\dispatcher\dispatcher.py", line 235, in process_updates
    return await asyncio.gather(*tasks)
  File "C:\Users\–¢–∏–º–æ—Ñ–µ–π-–ü–ö\AppData\Local\Programs\Python\Python39\lib\site-packages\aiogram\dispatcher\handler.py", line 116, in notify
    response = await handler_obj.handler(*args, **partial_data)
  File "C:\Users\–¢–∏–º–æ—Ñ–µ–π-–ü–ö\AppData\Local\Programs\Python\Python39\lib\site-packages\aiogram\dispatcher\dispatcher.py", line 256, in process_update
    return await self.message_handlers.notify(update.message)
  File "C:\Users\–¢–∏–º–æ—Ñ–µ–π-–ü–ö\AppData\Local\Programs\Python\Python39\lib\site-packages\aiogram\dispatcher\handler.py", line 116, in notify
    response = await handler_obj.handler(*args, **partial_data)
TypeError: register() missing 5 required positional arguments: '_name', '_surname', '_class', '_login', and '_password'
INFO:root:Query executed successfully - CREATE TABLE IF NOT EXISTS users (   id INTEGER PRIMARY KEY AUTOINCREMENT,   name TEXT NOT NULL,   surname TEXT NOT NULL,   class TEXT NOT NULL,   login TEXT NOT NULL,   password TEXT NOT NULL,   balance INTEGER NOT NULL DEFAULT(0),   privilege INTEGER DEFAULT(1) ); 
INFO:root:Query executed successfully - CREATE TABLE IF NOT EXISTS credits (   cred_id INTEGER PRIMARY KEY AUTOINCREMENT,   user TEXT NOT NULL,   num INTEGER NOT NULL DEFAULT(1),   start_date DATE NOT NULL,   finish_date DATE,   desc TEXT,   status NUMBER NOT NULL DEFAULT(1) ); 
INFO:aiogram.dispatcher.dispatcher:Start polling.
ERROR:asyncio:Task exception was never retrieved
future: <Task finished name='Task-8' coro=<Dispatcher._process_polling_updates() done, defined at C:\Users\–¢–∏–º–æ—Ñ–µ–π-–ø–∫\AppData\Local\Programs\Python\Python39\lib\site-packages\aiogram\dispatcher\dispatcher.py:407> exception=TypeError("register() missing 5 required positional arguments: '_name', '_surname', '_class', '_login', and '_password'")>
Traceback (most recent call last):
  File "C:\Users\–¢–∏–º–æ—Ñ–µ–π-–ø–∫\AppData\Local\Programs\Python\Python39\lib\site-packages\aiogram\dispatcher\dispatcher.py", line 415, in _process_polling_updates
    for responses in itertools.chain.from_iterable(await self.process_updates(updates, fast)):
  File "C:\Users\–¢–∏–º–æ—Ñ–µ–π-–ø–∫\AppData\Local\Programs\Python\Python39\lib\site-packages\aiogram\dispatcher\dispatcher.py", line 235, in process_updates
    return await asyncio.gather(*tasks)
  File "C:\Users\–¢–∏–º–æ—Ñ–µ–π-–ø–∫\AppData\Local\Programs\Python\Python39\lib\site-packages\aiogram\dispatcher\handler.py", line 116, in notify
    response = await handler_obj.handler(*args, **partial_data)
  File "C:\Users\–¢–∏–º–æ—Ñ–µ–π-–ø–∫\AppData\Local\Programs\Python\Python39\lib\site-packages\aiogram\dispatcher\dispatcher.py", line 256, in process_update
    return await self.message_handlers.notify(update.message)
  File "C:\Users\–¢–∏–º–æ—Ñ–µ–π-–ø–∫\AppData\Local\Programs\Python\Python39\lib\site-packages\aiogram\dispatcher\handler.py", line 116, in notify
    response = await handler_obj.handler(*args, **partial_data)
TypeError: register() missing 5 required positional arguments: '_name', '_surname', '_class', '_login', and '_password'
ERROR:asyncio:Task exception was never retrieved
future: <Task finished name='Task-32' coro=<Dispatcher._process_polling_updates() done, defined at C:\Users\–¢–∏–º–æ—Ñ–µ–π-–ø–∫\AppData\Local\Programs\Python\Python39\lib\site-packages\aiogram\dispatcher\dispatcher.py:407> exception=TypeError("register() missing 5 required positional arguments: '_name', '_surname', '_class', '_login', and '_password'")>
Traceback (most recent call last):
  File "C:\Users\–¢–∏–º–æ—Ñ–µ–π-–ø–∫\AppData\Local\Programs\Python\Python39\lib\site-packages\aiogram\dispatcher\dispatcher.py", line 415, in _process_polling_updates
    for responses in itertools.chain.from_iterable(await self.process_updates(updates, fast)):
  File "C:\Users\–¢–∏–º–æ—Ñ–µ–π-–ø–∫\AppData\Local\Programs\Python\Python39\lib\site-packages\aiogram\dispatcher\dispatcher.py", line 235, in process_updates
    return await asyncio.gather(*tasks)
  File "C:\Users\–¢–∏–º–æ—Ñ–µ–π-–ø–∫\AppData\Local\Programs\Python\Python39\lib\site-packages\aiogram\dispatcher\handler.py", line 116, in notify
    response = await handler_obj.handler(*args, **partial_data)
  File "C:\Users\–¢–∏–º–æ—Ñ–µ–π-–ø–∫\AppData\Local\Programs\Python\Python39\lib\site-packages\aiogram\dispatcher\dispatcher.py", line 256, in process_update
    return await self.message_handlers.notify(update.message)
  File "C:\Users\–¢–∏–º–æ—Ñ–µ–π-–ø–∫\AppData\Local\Programs\Python\Python39\lib\site-packages\aiogram\dispatcher\handler.py", line 116, in notify
    response = await handler_obj.handler(*args, **partial_data)
TypeError: register() missing 5 required positional arguments: '_name', '_surname', '_class', '_login', and '_password'
WARNING:aiogram.dispatcher.dispatcher:Polling is stopped.
INFO:root:Query executed successfully - CREATE TABLE IF NOT EXISTS users (   id INTEGER PRIMARY KEY AUTOINCREMENT,   name TEXT NOT NULL,   surname TEXT NOT NULL,   class TEXT NOT NULL,   login TEXT NOT NULL,   password TEXT NOT NULL,   balance INTEGER NOT NULL DEFAULT(0),   privilege INTEGER DEFAULT(1) ); 
INFO:root:Query executed successfully - CREATE TABLE IF NOT EXISTS credits (   cred_id INTEGER PRIMARY KEY AUTOINCREMENT,   user TEXT NOT NULL,   num INTEGER NOT NULL DEFAULT(1),   start_date DATE NOT NULL,   finish_date DATE,   desc TEXT,   status NUMBER NOT NULL DEFAULT(1) ); 
INFO:aiogram.dispatcher.dispatcher:Start polling.
INFO:root:{"message_id": 486, "from": {"id": 1647252544, "is_bot": false, "first_name": "–¢–∏–º–æ—Ñ–µ–π", "last_name": "–ë–ª–∏–Ω–æ–≤", "username": "denis_chernoknizets", "language_code": "ru"}, "chat": {"id": 1647252544, "first_name": "–¢–∏–º–æ—Ñ–µ–π", "last_name": "–ë–ª–∏–Ω–æ–≤", "username": "denis_chernoknizets", "type": "private"}, "date": 1683066670, "text": "/reg test test - superadmin qwerty123", "entities": [{"type": "bot_command", "offset": 0, "length": 4}]}
INFO:root:Query executed successfully -INSERT INTO users(name, surname, class, login, password, balance) VALUES ('test', 'test', '-', 'superadmin', 'qwerty123', 0); 
INFO:root:{"message_id": 488, "from": {"id": 1647252544, "is_bot": false, "first_name": "–¢–∏–º–æ—Ñ–µ–π", "last_name": "–ë–ª–∏–Ω–æ–≤", "username": "denis_chernoknizets", "language_code": "ru"}, "chat": {"id": 1647252544, "first_name": "–¢–∏–º–æ—Ñ–µ–π", "last_name": "–ë–ª–∏–Ω–æ–≤", "username": "denis_chernoknizets", "type": "private"}, "date": 1683066703, "text": "/userlist", "entities": [{"type": "bot_command", "offset": 0, "length": 9}]}
INFO:root:{"message_id": 490, "from": {"id": 1647252544, "is_bot": false, "first_name": "–¢–∏–º–æ—Ñ–µ–π", "last_name": "–ë–ª–∏–Ω–æ–≤", "username": "denis_chernoknizets", "language_code": "ru"}, "chat": {"id": 1647252544, "first_name": "–¢–∏–º–æ—Ñ–µ–π", "last_name": "–ë–ª–∏–Ω–æ–≤", "username": "denis_chernoknizets", "type": "private"}, "date": 1683066712, "text": "/reg", "entities": [{"type": "bot_command", "offset": 0, "length": 4}]}
INFO:root:{"message_id": 492, "from": {"id": 1647252544, "is_bot": false, "first_name": "–¢–∏–º–æ—Ñ–µ–π", "last_name": "–ë–ª–∏–Ω–æ–≤", "username": "denis_chernoknizets", "language_code": "ru"}, "chat": {"id": 1647252544, "first_name": "–¢–∏–º–æ—Ñ–µ–π", "last_name": "–ë–ª–∏–Ω–æ–≤", "username": "denis_chernoknizets", "type": "private"}, "date": 1683066724, "text": "/help", "entities": [{"type": "bot_command", "offset": 0, "length": 5}]}
INFO:root:{"message_id": 494, "from": {"id": 1647252544, "is_bot": false, "first_name": "–¢–∏–º–æ—Ñ–µ–π", "last_name": "–ë–ª–∏–Ω–æ–≤", "username": "denis_chernoknizets", "language_code": "ru"}, "chat": {"id": 1647252544, "first_name": "–¢–∏–º–æ—Ñ–µ–π", "last_name": "–ë–ª–∏–Ω–æ–≤", "username": "denis_chernoknizets", "type": "private"}, "date": 1683066799, "text": "/userlist", "entities": [{"type": "bot_command", "offset": 0, "length": 9}]}
WARNING:aiogram.dispatcher.dispatcher:Polling is stopped.
INFO:root:Query executed successfully - CREATE TABLE IF NOT EXISTS users (   id INTEGER PRIMARY KEY AUTOINCREMENT,   name TEXT NOT NULL,   surname TEXT NOT NULL,   class TEXT NOT NULL,   login TEXT NOT NULL,   password TEXT NOT NULL,   balance INTEGER NOT NULL DEFAULT(0),   privilege INTEGER DEFAULT(1) ); 
INFO:root:Query executed successfully - CREATE TABLE IF NOT EXISTS credits (   cred_id INTEGER PRIMARY KEY AUTOINCREMENT,   user TEXT NOT NULL,   num INTEGER NOT NULL DEFAULT(1),   start_date DATE NOT NULL,   finish_date DATE,   desc TEXT,   status NUMBER NOT NULL DEFAULT(1) ); 
INFO:aiogram.dispatcher.dispatcher:Start polling.
INFO:root:{"message_id": 496, "from": {"id": 1647252544, "is_bot": false, "first_name": "–¢–∏–º–æ—Ñ–µ–π", "last_name": "–ë–ª–∏–Ω–æ–≤", "username": "denis_chernoknizets", "language_code": "ru"}, "chat": {"id": 1647252544, "first_name": "–¢–∏–º–æ—Ñ–µ–π", "last_name": "–ë–ª–∏–Ω–æ–≤", "username": "denis_chernoknizets", "type": "private"}, "date": 1683066814, "text": "/userlist", "entities": [{"type": "bot_command", "offset": 0, "length": 9}]}
WARNING:aiogram.dispatcher.dispatcher:Polling is stopped.
INFO:root:Query executed successfully - CREATE TABLE IF NOT EXISTS users (   id INTEGER PRIMARY KEY AUTOINCREMENT,   name TEXT NOT NULL,   surname TEXT NOT NULL,   class TEXT NOT NULL,   login TEXT NOT NULL,   password TEXT NOT NULL,   balance INTEGER NOT NULL DEFAULT(0),   privilege INTEGER DEFAULT(1) ); 
INFO:root:Query executed successfully - CREATE TABLE IF NOT EXISTS credits (   cred_id INTEGER PRIMARY KEY AUTOINCREMENT,   user TEXT NOT NULL,   num INTEGER NOT NULL DEFAULT(1),   start_date DATE NOT NULL,   finish_date DATE,   desc TEXT,   status NUMBER NOT NULL DEFAULT(1) ); 
INFO:aiogram.dispatcher.dispatcher:Start polling.
INFO:root:{"message_id": 498, "from": {"id": 1647252544, "is_bot": false, "first_name": "–¢–∏–º–æ—Ñ–µ–π", "last_name": "–ë–ª–∏–Ω–æ–≤", "username": "denis_chernoknizets", "language_code": "ru"}, "chat": {"id": 1647252544, "first_name": "–¢–∏–º–æ—Ñ–µ–π", "last_name": "–ë–ª–∏–Ω–æ–≤", "username": "denis_chernoknizets", "type": "private"}, "date": 1683066920, "text": "/userlist", "entities": [{"type": "bot_command", "offset": 0, "length": 9}]}
WARNING:aiogram.dispatcher.dispatcher:Polling is stopped.
INFO:root:Query executed successfully - CREATE TABLE IF NOT EXISTS users (   id INTEGER PRIMARY KEY AUTOINCREMENT,   name TEXT NOT NULL,   surname TEXT NOT NULL,   class TEXT NOT NULL,   login TEXT NOT NULL,   password TEXT NOT NULL,   balance INTEGER NOT NULL DEFAULT(0),   privilege INTEGER DEFAULT(1) ); 
INFO:root:Query executed successfully - CREATE TABLE IF NOT EXISTS credits (   cred_id INTEGER PRIMARY KEY AUTOINCREMENT,   user TEXT NOT NULL,   num INTEGER NOT NULL DEFAULT(1),   start_date DATE NOT NULL,   finish_date DATE,   desc TEXT,   status NUMBER NOT NULL DEFAULT(1) ); 
INFO:aiogram.dispatcher.dispatcher:Start polling.
WARNING:aiogram.dispatcher.dispatcher:Polling is stopped.
INFO:root:Query executed successfully - CREATE TABLE IF NOT EXISTS users (   id INTEGER PRIMARY KEY AUTOINCREMENT,   name TEXT NOT NULL,   surname TEXT NOT NULL,   class TEXT NOT NULL,   login TEXT NOT NULL,   password TEXT NOT NULL,   balance INTEGER NOT NULL DEFAULT(0),   privilege INTEGER DEFAULT(1) ); 
INFO:root:Query executed successfully - CREATE TABLE IF NOT EXISTS credits (   cred_id INTEGER PRIMARY KEY AUTOINCREMENT,   user TEXT NOT NULL,   num INTEGER NOT NULL DEFAULT(1),   start_date DATE NOT NULL,   finish_date DATE,   desc TEXT,   status NUMBER NOT NULL DEFAULT(1) ); 
INFO:aiogram.dispatcher.dispatcher:Start polling.
WARNING:aiogram.dispatcher.dispatcher:Polling is stopped.
INFO:root:Query executed successfully - CREATE TABLE IF NOT EXISTS users (   id INTEGER PRIMARY KEY AUTOINCREMENT,   name TEXT NOT NULL,   surname TEXT NOT NULL,   class TEXT NOT NULL,   login TEXT NOT NULL,   password TEXT NOT NULL,   balance INTEGER NOT NULL DEFAULT(0),   privilege INTEGER DEFAULT(1) ); 
INFO:root:Query executed successfully - CREATE TABLE IF NOT EXISTS credits (   cred_id INTEGER PRIMARY KEY AUTOINCREMENT,   user TEXT NOT NULL,   num INTEGER NOT NULL DEFAULT(1),   start_date DATE NOT NULL,   finish_date DATE,   desc TEXT,   status NUMBER NOT NULL DEFAULT(1) ); 
INFO:aiogram.dispatcher.dispatcher:Start polling.
WARNING:aiogram.dispatcher.dispatcher:Polling is stopped.
INFO:root:Query executed successfully - CREATE TABLE IF NOT EXISTS users (   id INTEGER PRIMARY KEY AUTOINCREMENT,   name TEXT NOT NULL,   surname TEXT NOT NULL,   class TEXT NOT NULL,   login TEXT NOT NULL,   password TEXT NOT NULL,   balance INTEGER NOT NULL DEFAULT(0),   privilege INTEGER DEFAULT(1) ); 
INFO:root:Query executed successfully - CREATE TABLE IF NOT EXISTS credits (   cred_id INTEGER PRIMARY KEY AUTOINCREMENT,   user TEXT NOT NULL,   num INTEGER NOT NULL DEFAULT(1),   start_date DATE NOT NULL,   finish_date DATE,   desc TEXT,   status NUMBER NOT NULL DEFAULT(1) ); 
INFO:aiogram.dispatcher.dispatcher:Start polling.
WARNING:aiogram.dispatcher.dispatcher:Polling is stopped.
INFO:root:Query executed successfully - CREATE TABLE IF NOT EXISTS users (   id INTEGER PRIMARY KEY AUTOINCREMENT,   name TEXT NOT NULL,   surname TEXT NOT NULL,   class TEXT NOT NULL,   login TEXT NOT NULL,   password TEXT NOT NULL,   balance INTEGER NOT NULL DEFAULT(0),   privilege INTEGER DEFAULT(1) ); 
INFO:root:Query executed successfully - CREATE TABLE IF NOT EXISTS credits (   cred_id INTEGER PRIMARY KEY AUTOINCREMENT,   user TEXT NOT NULL,   num INTEGER NOT NULL DEFAULT(1),   start_date DATE NOT NULL,   finish_date DATE,   desc TEXT,   status NUMBER NOT NULL DEFAULT(1) ); 
INFO:aiogram.dispatcher.dispatcher:Start polling.
INFO:root:{"message_id": 500, "from": {"id": 1647252544, "is_bot": false, "first_name": "–¢–∏–º–æ—Ñ–µ–π", "last_name": "–ë–ª–∏–Ω–æ–≤", "username": "denis_chernoknizets", "language_code": "ru"}, "chat": {"id": 1647252544, "first_name": "–¢–∏–º–æ—Ñ–µ–π", "last_name": "–ë–ª–∏–Ω–æ–≤", "username": "denis_chernoknizets", "type": "private"}, "date": 1683067460, "text": "/userlist", "entities": [{"type": "bot_command", "offset": 0, "length": 9}]}
WARNING:aiogram.dispatcher.dispatcher:Polling is stopped.
INFO:root:Query executed successfully - CREATE TABLE IF NOT EXISTS users (   id INTEGER PRIMARY KEY AUTOINCREMENT,   name TEXT NOT NULL,   surname TEXT NOT NULL,   class TEXT NOT NULL,   login TEXT NOT NULL,   password TEXT NOT NULL,   balance INTEGER NOT NULL DEFAULT(0),   privilege INTEGER DEFAULT(1) ); 
INFO:root:Query executed successfully - CREATE TABLE IF NOT EXISTS credits (   cred_id INTEGER PRIMARY KEY AUTOINCREMENT,   user TEXT NOT NULL,   num INTEGER NOT NULL DEFAULT(1),   start_date DATE NOT NULL,   finish_date DATE,   desc TEXT,   status NUMBER NOT NULL DEFAULT(1) ); 
INFO:aiogram.dispatcher.dispatcher:Start polling.
INFO:root:{"message_id": 502, "from": {"id": 1647252544, "is_bot": false, "first_name": "–¢–∏–º–æ—Ñ–µ–π", "last_name": "–ë–ª–∏–Ω–æ–≤", "username": "denis_chernoknizets", "language_code": "ru"}, "chat": {"id": 1647252544, "first_name": "–¢–∏–º–æ—Ñ–µ–π", "last_name": "–ë–ª–∏–Ω–æ–≤", "username": "denis_chernoknizets", "type": "private"}, "date": 1683067562, "text": "/userlist", "entities": [{"type": "bot_command", "offset": 0, "length": 9}]}
WARNING:aiogram.dispatcher.dispatcher:Polling is stopped.
INFO:root:Query executed successfully - CREATE TABLE IF NOT EXISTS users (   id INTEGER PRIMARY KEY AUTOINCREMENT,   name TEXT NOT NULL,   surname TEXT NOT NULL,   class TEXT NOT NULL,   login TEXT NOT NULL,   password TEXT NOT NULL,   balance INTEGER NOT NULL DEFAULT(0),   privilege INTEGER DEFAULT(1) ); 
INFO:root:Query executed successfully - CREATE TABLE IF NOT EXISTS credits (   cred_id INTEGER PRIMARY KEY AUTOINCREMENT,   user TEXT NOT NULL,   num INTEGER NOT NULL DEFAULT(1),   start_date DATE NOT NULL,   finish_date DATE,   desc TEXT,   status NUMBER NOT NULL DEFAULT(1) ); 
INFO:aiogram.dispatcher.dispatcher:Start polling.
WARNING:aiogram.dispatcher.dispatcher:Polling is stopped.
INFO:root:Query executed successfully - CREATE TABLE IF NOT EXISTS users (   id INTEGER PRIMARY KEY AUTOINCREMENT,   name TEXT NOT NULL,   surname TEXT NOT NULL,   class TEXT NOT NULL,   login TEXT NOT NULL,   password TEXT NOT NULL,   balance INTEGER NOT NULL DEFAULT(0),   privilege INTEGER DEFAULT(1) ); 
INFO:root:Query executed successfully - CREATE TABLE IF NOT EXISTS credits (   cred_id INTEGER PRIMARY KEY AUTOINCREMENT,   user TEXT NOT NULL,   num INTEGER NOT NULL DEFAULT(1),   start_date DATE NOT NULL,   finish_date DATE,   desc TEXT,   status NUMBER NOT NULL DEFAULT(1) ); 
INFO:aiogram.dispatcher.dispatcher:Start polling.
WARNING:aiogram.dispatcher.dispatcher:Polling is stopped.
INFO:root:Query executed successfully - CREATE TABLE IF NOT EXISTS users (   id INTEGER PRIMARY KEY AUTOINCREMENT,   name TEXT NOT NULL,   surname TEXT NOT NULL,   class TEXT NOT NULL,   login TEXT NOT NULL,   password TEXT NOT NULL,   balance INTEGER NOT NULL DEFAULT(0),   privilege INTEGER DEFAULT(1) ); 
INFO:root:Query executed successfully - CREATE TABLE IF NOT EXISTS credits (   cred_id INTEGER PRIMARY KEY AUTOINCREMENT,   user TEXT NOT NULL,   num INTEGER NOT NULL DEFAULT(1),   start_date DATE NOT NULL,   finish_date DATE,   desc TEXT,   status NUMBER NOT NULL DEFAULT(1) ); 
INFO:aiogram.dispatcher.dispatcher:Start polling.
WARNING:aiogram.dispatcher.dispatcher:Polling is stopped.
INFO:root:Query executed successfully - CREATE TABLE IF NOT EXISTS users (   id INTEGER PRIMARY KEY AUTOINCREMENT,   name TEXT NOT NULL,   surname TEXT NOT NULL,   class TEXT NOT NULL,   login TEXT NOT NULL,   password TEXT NOT NULL,   balance INTEGER NOT NULL DEFAULT(0),   privilege INTEGER DEFAULT(1) ); 
INFO:root:Query executed successfully - CREATE TABLE IF NOT EXISTS credits (   cred_id INTEGER PRIMARY KEY AUTOINCREMENT,   user TEXT NOT NULL,   num INTEGER NOT NULL DEFAULT(1),   start_date DATE NOT NULL,   finish_date DATE,   desc TEXT,   status NUMBER NOT NULL DEFAULT(1) ); 
INFO:aiogram.dispatcher.dispatcher:Start polling.
WARNING:aiogram.dispatcher.dispatcher:Polling is stopped.
INFO:root:Query executed successfully - CREATE TABLE IF NOT EXISTS users (   id INTEGER PRIMARY KEY AUTOINCREMENT,   name TEXT NOT NULL,   surname TEXT NOT NULL,   class TEXT NOT NULL,   login TEXT NOT NULL,   password TEXT NOT NULL,   balance INTEGER NOT NULL DEFAULT(0),   privilege INTEGER DEFAULT(1) ); 
INFO:root:Query executed successfully - CREATE TABLE IF NOT EXISTS credits (   cred_id INTEGER PRIMARY KEY AUTOINCREMENT,   user TEXT NOT NULL,   num INTEGER NOT NULL DEFAULT(1),   start_date DATE NOT NULL,   finish_date DATE,   desc TEXT,   status NUMBER NOT NULL DEFAULT(1) ); 
INFO:aiogram.dispatcher.dispatcher:Start polling.
WARNING:aiogram.dispatcher.dispatcher:Polling is stopped.
INFO:root:Query executed successfully - CREATE TABLE IF NOT EXISTS users (   id INTEGER PRIMARY KEY AUTOINCREMENT,   name TEXT NOT NULL,   surname TEXT NOT NULL,   class TEXT NOT NULL,   login TEXT NOT NULL,   password TEXT NOT NULL,   balance INTEGER NOT NULL DEFAULT(0),   privilege INTEGER DEFAULT(1) ); 
INFO:root:Query executed successfully - CREATE TABLE IF NOT EXISTS credits (   cred_id INTEGER PRIMARY KEY AUTOINCREMENT,   user TEXT NOT NULL,   num INTEGER NOT NULL DEFAULT(1),   start_date DATE NOT NULL,   finish_date DATE,   desc TEXT,   status NUMBER NOT NULL DEFAULT(1) ); 
INFO:aiogram.dispatcher.dispatcher:Start polling.
INFO:root:{"message_id": 504, "from": {"id": 1647252544, "is_bot": false, "first_name": "–¢–∏–º–æ—Ñ–µ–π", "last_name": "–ë–ª–∏–Ω–æ–≤", "username": "denis_chernoknizets", "language_code": "ru"}, "chat": {"id": 1647252544, "first_name": "–¢–∏–º–æ—Ñ–µ–π", "last_name": "–ë–ª–∏–Ω–æ–≤", "username": "denis_chernoknizets", "type": "private"}, "date": 1683068054, "text": "/userlist", "entities": [{"type": "bot_command", "offset": 0, "length": 9}]}
WARNING:aiogram.dispatcher.dispatcher:Polling is stopped.
INFO:root:Query executed successfully - CREATE TABLE IF NOT EXISTS users (   id INTEGER PRIMARY KEY AUTOINCREMENT,   name TEXT NOT NULL,   surname TEXT NOT NULL,   class TEXT NOT NULL,   login TEXT NOT NULL,   password TEXT NOT NULL,   balance INTEGER NOT NULL DEFAULT(0),   privilege INTEGER DEFAULT(1) ); 
INFO:root:Query executed successfully - CREATE TABLE IF NOT EXISTS credits (   cred_id INTEGER PRIMARY KEY AUTOINCREMENT,   user TEXT NOT NULL,   num INTEGER NOT NULL DEFAULT(1),   start_date DATE NOT NULL,   finish_date DATE,   desc TEXT,   status NUMBER NOT NULL DEFAULT(1) ); 
INFO:aiogram.dispatcher.dispatcher:Start polling.
WARNING:aiogram.dispatcher.dispatcher:Polling is stopped.
INFO:root:Query executed successfully - CREATE TABLE IF NOT EXISTS users (   id INTEGER PRIMARY KEY AUTOINCREMENT,   name TEXT NOT NULL,   surname TEXT NOT NULL,   class TEXT NOT NULL,   login TEXT NOT NULL,   password TEXT NOT NULL,   balance INTEGER NOT NULL DEFAULT(0),   privilege INTEGER DEFAULT(1) ); 
INFO:root:Query executed successfully - CREATE TABLE IF NOT EXISTS credits (   cred_id INTEGER PRIMARY KEY AUTOINCREMENT,   user TEXT NOT NULL,   num INTEGER NOT NULL DEFAULT(1),   start_date DATE NOT NULL,   finish_date DATE,   desc TEXT,   status NUMBER NOT NULL DEFAULT(1) ); 
INFO:aiogram.dispatcher.dispatcher:Start polling.
WARNING:aiogram.dispatcher.dispatcher:Polling is stopped.
INFO:root:Query executed successfully - CREATE TABLE IF NOT EXISTS users (   id INTEGER PRIMARY KEY AUTOINCREMENT,   name TEXT NOT NULL,   surname TEXT NOT NULL,   class TEXT NOT NULL,   login TEXT NOT NULL,   password TEXT NOT NULL,   balance INTEGER NOT NULL DEFAULT(0),   privilege INTEGER NOT NULL DEFAULT(1) ); 
INFO:root:Query executed successfully - CREATE TABLE IF NOT EXISTS credits (   cred_id INTEGER PRIMARY KEY AUTOINCREMENT,   user TEXT NOT NULL,   num INTEGER NOT NULL DEFAULT(1),   start_date DATE NOT NULL,   finish_date DATE,   desc TEXT,   status NUMBER NOT NULL DEFAULT(1) ); 
INFO:aiogram.dispatcher.dispatcher:Start polling.
INFO:root:{"message_id": 506, "from": {"id": 1647252544, "is_bot": false, "first_name": "–¢–∏–º–æ—Ñ–µ–π", "last_name": "–ë–ª–∏–Ω–æ–≤", "username": "denis_chernoknizets", "language_code": "ru"}, "chat": {"id": 1647252544, "first_name": "–¢–∏–º–æ—Ñ–µ–π", "last_name": "–ë–ª–∏–Ω–æ–≤", "username": "denis_chernoknizets", "type": "private"}, "date": 1683068744, "text": "/userlist", "entities": [{"type": "bot_command", "offset": 0, "length": 9}]}
WARNING:aiogram.dispatcher.dispatcher:Polling is stopped.
INFO:root:Query executed successfully - CREATE TABLE IF NOT EXISTS users (   id INTEGER PRIMARY KEY AUTOINCREMENT,   name TEXT NOT NULL,   surname TEXT NOT NULL,   class TEXT NOT NULL,   login TEXT NOT NULL,   password TEXT NOT NULL,   balance INTEGER NOT NULL DEFAULT(0),   privilege INTEGER NOT NULL DEFAULT(1) ); 
INFO:root:Query executed successfully - CREATE TABLE IF NOT EXISTS credits (   cred_id INTEGER PRIMARY KEY AUTOINCREMENT,   user TEXT NOT NULL,   num INTEGER NOT NULL DEFAULT(1),   start_date DATE NOT NULL,   finish_date DATE,   desc TEXT,   status NUMBER NOT NULL DEFAULT(1) ); 
INFO:aiogram.dispatcher.dispatcher:Start polling.
WARNING:aiogram.dispatcher.dispatcher:Polling is stopped.
INFO:root:Query executed successfully - CREATE TABLE IF NOT EXISTS users (   id INTEGER PRIMARY KEY AUTOINCREMENT,   name TEXT NOT NULL,   surname TEXT NOT NULL,   class TEXT NOT NULL,   login TEXT NOT NULL,   password TEXT NOT NULL,   balance INTEGER NOT NULL DEFAULT(0),   privilege INTEGER NOT NULL DEFAULT(1) ); 
INFO:root:Query executed successfully - CREATE TABLE IF NOT EXISTS credits (   cred_id INTEGER PRIMARY KEY AUTOINCREMENT,   user TEXT NOT NULL,   num INTEGER NOT NULL DEFAULT(1),   start_date DATE NOT NULL,   finish_date DATE,   desc TEXT,   status NUMBER NOT NULL DEFAULT(1) ); 
INFO:aiogram.dispatcher.dispatcher:Start polling.
WARNING:aiogram.dispatcher.dispatcher:Polling is stopped.
INFO:root:Query executed successfully - CREATE TABLE IF NOT EXISTS users (   id INTEGER PRIMARY KEY AUTOINCREMENT,   name TEXT NOT NULL,   surname TEXT NOT NULL,   class TEXT NOT NULL,   login TEXT NOT NULL,   password TEXT NOT NULL,   balance INTEGER NOT NULL DEFAULT(0),   privilege INTEGER NOT NULL DEFAULT(1) ); 
INFO:root:Query executed successfully - CREATE TABLE IF NOT EXISTS credits (   cred_id INTEGER PRIMARY KEY AUTOINCREMENT,   user TEXT NOT NULL,   num INTEGER NOT NULL DEFAULT(1),   start_date DATE NOT NULL,   finish_date DATE,   desc TEXT,   status NUMBER NOT NULL DEFAULT(1) ); 
INFO:aiogram.dispatcher.dispatcher:Start polling.
WARNING:aiogram.dispatcher.dispatcher:Polling is stopped.
INFO:root:Query executed successfully - CREATE TABLE IF NOT EXISTS users (   id INTEGER PRIMARY KEY AUTOINCREMENT,   name TEXT NOT NULL,   surname TEXT NOT NULL,   class TEXT NOT NULL,   login TEXT NOT NULL,   password TEXT NOT NULL,   balance INTEGER NOT NULL DEFAULT(0),   privilege INTEGER NOT NULL DEFAULT(1) ); 
INFO:root:Query executed successfully - CREATE TABLE IF NOT EXISTS credits (   cred_id INTEGER PRIMARY KEY AUTOINCREMENT,   user TEXT NOT NULL,   num INTEGER NOT NULL DEFAULT(1),   start_date DATE NOT NULL,   finish_date DATE,   desc TEXT,   status NUMBER NOT NULL DEFAULT(1) ); 
INFO:aiogram.dispatcher.dispatcher:Start polling.
WARNING:aiogram.dispatcher.dispatcher:Polling is stopped.
INFO:root:Query executed successfully - CREATE TABLE IF NOT EXISTS users (   id INTEGER PRIMARY KEY AUTOINCREMENT,   name TEXT NOT NULL,   surname TEXT NOT NULL,   class TEXT NOT NULL,   login TEXT NOT NULL,   password TEXT NOT NULL,   balance INTEGER NOT NULL DEFAULT(0),   privilege INTEGER NOT NULL DEFAULT(1) ); 
INFO:root:Query executed successfully - CREATE TABLE IF NOT EXISTS credits (   cred_id INTEGER PRIMARY KEY AUTOINCREMENT,   user TEXT NOT NULL,   num INTEGER NOT NULL DEFAULT(1),   start_date DATE NOT NULL,   finish_date DATE,   desc TEXT,   status NUMBER NOT NULL DEFAULT(1) ); 
INFO:aiogram.dispatcher.dispatcher:Start polling.
WARNING:aiogram.dispatcher.dispatcher:Polling is stopped.
INFO:root:Query executed successfully - CREATE TABLE IF NOT EXISTS users (   id INTEGER PRIMARY KEY AUTOINCREMENT,   name TEXT NOT NULL,   surname TEXT NOT NULL,   class TEXT NOT NULL,   login TEXT NOT NULL,   password TEXT NOT NULL,   balance INTEGER NOT NULL DEFAULT(0),   privilege INTEGER NOT NULL DEFAULT(1) ); 
INFO:root:Query executed successfully - CREATE TABLE IF NOT EXISTS credits (   cred_id INTEGER PRIMARY KEY AUTOINCREMENT,   user TEXT NOT NULL,   num INTEGER NOT NULL DEFAULT(1),   start_date DATE NOT NULL,   finish_date DATE,   desc TEXT,   status NUMBER NOT NULL DEFAULT(1) ); 
INFO:aiogram.dispatcher.dispatcher:Start polling.
INFO:root:Query executed successfully - CREATE TABLE IF NOT EXISTS users (   id INTEGER PRIMARY KEY AUTOINCREMENT,   name TEXT NOT NULL,   surname TEXT NOT NULL,   class TEXT NOT NULL,   login TEXT NOT NULL,   password TEXT NOT NULL,   balance INTEGER NOT NULL DEFAULT(0),   privilege INTEGER NOT NULL DEFAULT(1) ); 
INFO:root:Query executed successfully - CREATE TABLE IF NOT EXISTS credits (   cred_id INTEGER PRIMARY KEY AUTOINCREMENT,   user TEXT NOT NULL,   num INTEGER NOT NULL DEFAULT(1),   start_date DATE NOT NULL,   finish_date DATE,   desc TEXT,   status NUMBER NOT NULL DEFAULT(1) ); 
INFO:root:Query executed successfully - CREATE TABLE IF NOT EXISTS users (   id INTEGER PRIMARY KEY AUTOINCREMENT,   name TEXT NOT NULL,   surname TEXT NOT NULL,   class TEXT NOT NULL,   login TEXT NOT NULL,   password TEXT NOT NULL,   balance INTEGER NOT NULL DEFAULT(0),   privilege INTEGER NOT NULL DEFAULT(1) ); 
INFO:root:Query executed successfully - CREATE TABLE IF NOT EXISTS credits (   cred_id INTEGER PRIMARY KEY AUTOINCREMENT,   user TEXT NOT NULL,   num INTEGER NOT NULL DEFAULT(1),   start_date DATE NOT NULL,   finish_date DATE,   desc TEXT,   status NUMBER NOT NULL DEFAULT(1) ); 
INFO:root:Query executed successfully -UPDATE users SET privilege=3 WHERE id=6
INFO:aiogram.dispatcher.dispatcher:Start polling.
WARNING:aiogram.dispatcher.dispatcher:Polling is stopped.
INFO:root:Query executed successfully - CREATE TABLE IF NOT EXISTS users (   id INTEGER PRIMARY KEY AUTOINCREMENT,   name TEXT NOT NULL,   surname TEXT NOT NULL,   class TEXT NOT NULL,   login TEXT NOT NULL,   password TEXT NOT NULL,   balance INTEGER NOT NULL DEFAULT(0),   privilege INTEGER NOT NULL DEFAULT(1) ); 
INFO:root:Query executed successfully - CREATE TABLE IF NOT EXISTS credits (   cred_id INTEGER PRIMARY KEY AUTOINCREMENT,   user TEXT NOT NULL,   num INTEGER NOT NULL DEFAULT(1),   start_date DATE NOT NULL,   finish_date DATE,   desc TEXT,   status NUMBER NOT NULL DEFAULT(1) ); 
INFO:aiogram.dispatcher.dispatcher:Start polling.
WARNING:aiogram.dispatcher.dispatcher:Polling is stopped.
